<?xml version="1.0" encoding="UTF-8"?>
<!-- Generated by org.testng.reporters.JUnitReportReporter -->
<testsuite skipped="0" hostname="liyl" name="com.yxt.servers.DetailDataPermissionServer" tests="1" failures="0" timestamp="09 十月 2020 02:17:22 GMT" time="0.414" errors="0">
  <testcase name="test001" time="0.414" classname="com.yxt.servers.DetailDataPermissionServer"/>
</testsuite> <!-- com.yxt.servers.DetailDataPermissionServer -->
