<?xml version="1.0" encoding="UTF-8"?>
<!-- Generated by org.testng.reporters.JUnitReportReporter -->
<testsuite skipped="0" hostname="liyl" name="com.yxt.testcases.login.LoginTests" tests="2" failures="0" timestamp="29 Oct 2020 09:18:11 GMT" time="0.533" errors="0">
  <testcase name="test002_login" time="0.399" classname="com.yxt.testcases.login.LoginTests"/>
  <testcase name="test001_login" time="0.134" classname="com.yxt.testcases.login.LoginTests"/>
</testsuite> <!-- com.yxt.testcases.login.LoginTests -->
