<?xml version="1.0" encoding="UTF-8"?>
<!-- Generated by org.testng.reporters.JUnitReportReporter -->
<testsuite skipped="0" hostname="liyl" name="com.yxt.testcases.dataPermission.GetDataPermissionListTests" tests="3" failures="0" timestamp="04 Nov 2020 23:12:41 GMT" time="0.144" errors="0">
  <testcase name="test001_getDataPermissionList" time="0.086" classname="com.yxt.testcases.dataPermission.GetDataPermissionListTests"/>
  <testcase name="test003_getDataPermissionCount" time="0.030" classname="com.yxt.testcases.dataPermission.GetDataPermissionListTests"/>
  <testcase name="test002_getDataPermissionList" time="0.028" classname="com.yxt.testcases.dataPermission.GetDataPermissionListTests"/>
</testsuite> <!-- com.yxt.testcases.dataPermission.GetDataPermissionListTests -->
