<?xml version="1.0" encoding="UTF-8"?>
<!-- Generated by org.testng.reporters.JUnitReportReporter -->
<testsuite skipped="0" hostname="liyl" name="com.yxt.testcases.dataPermission.GetDataPermissionListTests" tests="3" failures="0" timestamp="11 Nov 2020 07:32:38 GMT" time="0.165" errors="0">
  <testcase name="test001_getDataPermissionList" time="0.060" classname="com.yxt.testcases.dataPermission.GetDataPermissionListTests"/>
  <testcase name="test003_getDataPermissionCount" time="0.059" classname="com.yxt.testcases.dataPermission.GetDataPermissionListTests"/>
  <testcase name="test002_getDataPermissionList" time="0.046" classname="com.yxt.testcases.dataPermission.GetDataPermissionListTests"/>
</testsuite> <!-- com.yxt.testcases.dataPermission.GetDataPermissionListTests -->
