<?xml version="1.0" encoding="UTF-8"?>
<!-- Generated by org.testng.reporters.JUnitReportReporter -->
<testsuite skipped="0" hostname="liyl" name="com.crazy.api.study.HttpClientStudy" tests="1" failures="0" timestamp="24 八月 2020 06:14:57 GMT" time="0.550" errors="0">
  <testcase name="test006_upload" time="0.550" classname="com.crazy.api.study.HttpClientStudy"/>
</testsuite> <!-- com.crazy.api.study.HttpClientStudy -->
