<?xml version="1.0" encoding="UTF-8"?>
<!-- Generated by org.testng.reporters.JUnitReportReporter -->
<testsuite skipped="0" hostname="liyl" name="com.yxt.testcases.login.LoginTests" tests="2" failures="0" timestamp="11 Nov 2020 07:32:38 GMT" time="0.334" errors="0">
  <testcase name="test002_login" time="0.237" classname="com.yxt.testcases.login.LoginTests"/>
  <testcase name="test001_login" time="0.097" classname="com.yxt.testcases.login.LoginTests"/>
</testsuite> <!-- com.yxt.testcases.login.LoginTests -->
