<?xml version="1.0" encoding="UTF-8"?>
<!-- Generated by org.testng.reporters.JUnitReportReporter -->
<testsuite skipped="0" hostname="liyl" name="com.yxt.testcases.LoginTests" tests="2" failures="0" timestamp="23 Sep 2020 07:24:33 GMT" time="0.399" errors="0">
  <testcase name="test002_login" time="0.295" classname="com.yxt.testcases.LoginTests"/>
  <testcase name="test001_login" time="0.104" classname="com.yxt.testcases.LoginTests"/>
</testsuite> <!-- com.yxt.testcases.LoginTests -->
