<?xml version="1.0" encoding="UTF-8"?>
<!-- Generated by org.testng.reporters.JUnitReportReporter -->
<testsuite skipped="0" hostname="liyl" name="com.crazy.api.study.XYTTests" tests="1" failures="0" timestamp="01 九月 2020 09:02:28 GMT" time="0.647" errors="0">
  <testcase name="test001_login" time="0.647" classname="com.crazy.api.study.XYTTests"/>
</testsuite> <!-- com.crazy.api.study.XYTTests -->
