<?xml version="1.0" encoding="UTF-8"?>
<!-- Generated by org.testng.reporters.JUnitReportReporter -->
<testsuite skipped="0" hostname="liyl" name="com.crazy.api.study.Exercise1" tests="2" failures="0" timestamp="15 十月 2020 01:34:55 GMT" time="0.700" errors="0">
  <testcase name="test002" time="0.059" classname="com.crazy.api.study.Exercise1"/>
  <testcase name="test001" time="0.641" classname="com.crazy.api.study.Exercise1"/>
</testsuite> <!-- com.crazy.api.study.Exercise1 -->
