<?xml version="1.0" encoding="UTF-8"?>
<!-- Generated by org.testng.reporters.JUnitReportReporter -->
<testsuite skipped="0" hostname="liyl" name="com.crazy.api.study.HttpClientYXT" tests="3" failures="0" timestamp="26 八月 2020 09:01:44 GMT" time="0.599" errors="0">
  <testcase name="test002_list" time="0.116" classname="com.crazy.api.study.HttpClientYXT"/>
  <testcase name="test003_addOrderIndex" time="0.044" classname="com.crazy.api.study.HttpClientYXT"/>
  <testcase name="test001_login" time="0.439" classname="com.crazy.api.study.HttpClientYXT"/>
</testsuite> <!-- com.crazy.api.study.HttpClientYXT -->
