<?xml version="1.0" encoding="UTF-8"?>
<!-- Generated by org.testng.reporters.JUnitReportReporter -->
<testsuite skipped="0" hostname="liyl" name="com.yxt.testcases.login.LoginTests" tests="2" failures="0" timestamp="21 Nov 2020 08:33:42 GMT" time="1.511" errors="0">
  <testcase name="test002_login" time="1.302" classname="com.yxt.testcases.login.LoginTests"/>
  <testcase name="test001_login" time="0.209" classname="com.yxt.testcases.login.LoginTests"/>
</testsuite> <!-- com.yxt.testcases.login.LoginTests -->
