<?xml version="1.0" encoding="UTF-8"?>
<!-- Generated by org.testng.reporters.JUnitReportReporter -->
<testsuite skipped="0" hostname="liyl" name="com.yxt.testcases.dataPermission.AddDataPermissionTests" tests="1" failures="0" timestamp="29 九月 2020 07:43:00 GMT" time="0.112" errors="0">
  <testcase name="test003_addNew" time="0.112" classname="com.yxt.testcases.dataPermission.AddDataPermissionTests"/>
</testsuite> <!-- com.yxt.testcases.dataPermission.AddDataPermissionTests -->
