<?xml version="1.0" encoding="UTF-8"?>
<!-- Generated by org.testng.reporters.JUnitReportReporter -->
<testsuite skipped="0" hostname="liyl" name="com.yxt.testcases.dataPermission.UpdateDataPermissionTests" tests="1" failures="0" timestamp="10 十月 2020 09:35:54 GMT" time="0.163" errors="0">
  <testcase name="test001_titleRepeat" time="0.163" classname="com.yxt.testcases.dataPermission.UpdateDataPermissionTests"/>
</testsuite> <!-- com.yxt.testcases.dataPermission.UpdateDataPermissionTests -->
