<?xml version="1.0" encoding="UTF-8"?>
<!-- Generated by org.testng.reporters.JUnitReportReporter -->
<testsuite skipped="0" hostname="liyl" name="com.yxt.testcases.dataPermission.DeteleDatePermissionTests" tests="1" failures="0" timestamp="05 十月 2020 01:17:57 GMT" time="0.028" errors="0">
  <testcase name="test001_deleteById" time="0.028" classname="com.yxt.testcases.dataPermission.DeteleDatePermissionTests"/>
</testsuite> <!-- com.yxt.testcases.dataPermission.DeteleDatePermissionTests -->
