<?xml version="1.0" encoding="UTF-8"?>
<!-- Generated by org.testng.reporters.JUnitReportReporter -->
<testsuite skipped="0" hostname="liyl" name="com.yxt.testcases.dataPermission.GetDataPermissionListTests" tests="2" failures="0" timestamp="21 十一月 2020 08:51:32 GMT" time="0.073" errors="0">
  <testcase name="test002_getDataPermissionList" time="0.048" classname="com.yxt.testcases.dataPermission.GetDataPermissionListTests"/>
  <testcase name="test003_getDataPermissionCount" time="0.025" classname="com.yxt.testcases.dataPermission.GetDataPermissionListTests"/>
</testsuite> <!-- com.yxt.testcases.dataPermission.GetDataPermissionListTests -->
